\BOOKMARK [1][-]{section.1}{\376\377\000I\000n\000t\000r\000o\000d\000u\000c\000t\000i\000o\000n}{}% 1
\BOOKMARK [1][-]{section.2}{\376\377\000D\000a\000t\000a\000s\000e\000t}{}% 2
\BOOKMARK [2][-]{subsection.2.1}{\376\377\000I\000m\000a\000g\000e\000s}{section.2}% 3
\BOOKMARK [3][-]{subsubsection.2.1.1}{\376\377\000D\000a\000t\000a}{subsection.2.1}% 4
\BOOKMARK [3][-]{subsubsection.2.1.2}{\376\377\000D\000a\000t\000a\000\040\000p\000r\000e\000p\000r\000o\000c\000e\000s\000s\000i\000n\000g}{subsection.2.1}% 5
\BOOKMARK [3][-]{subsubsection.2.1.3}{\376\377\000D\000a\000t\000a\000\040\000f\000o\000r\000m\000a\000t\000s}{subsection.2.1}% 6
\BOOKMARK [1][-]{section.3}{\376\377\000M\000o\000d\000e\000l\000l\000i\000n\000g}{}% 7
\BOOKMARK [2][-]{subsection.3.1}{\376\377\000L\000a\000y\000e\000r\000s}{section.3}% 8
\BOOKMARK [3][-]{subsubsection.3.1.1}{\376\377\000C\000o\000n\000v\000o\000l\000u\000t\000i\000o\000n\000a\000l\000\040\000l\000a\000y\000e\000r\000s}{subsection.3.1}% 9
\BOOKMARK [3][-]{subsubsection.3.1.2}{\376\377\000N\000o\000n\000\040\000L\000i\000n\000e\000a\000r\000i\000t\000y\000\040\000\050\000A\000c\000t\000i\000v\000a\000t\000i\000o\000n\000\051\000\040\000l\000a\000y\000e\000r\000s}{subsection.3.1}% 10
\BOOKMARK [3][-]{subsubsection.3.1.3}{\376\377\000P\000o\000o\000l\000i\000n\000g\000\040\000l\000a\000y\000e\000r\000s}{subsection.3.1}% 11
\BOOKMARK [3][-]{subsubsection.3.1.4}{\376\377\000F\000u\000l\000l\000y\000\040\000c\000o\000n\000n\000e\000c\000t\000e\000d\000\040\000l\000a\000y\000e\000r\000s}{subsection.3.1}% 12
\BOOKMARK [3][-]{subsubsection.3.1.5}{\376\377\000D\000r\000o\000p\000o\000u\000t\000\040\000l\000a\000y\000e\000r\000s}{subsection.3.1}% 13
\BOOKMARK [3][-]{subsubsection.3.1.6}{\376\377\000F\000l\000a\000t\000t\000e\000n\000\040\000l\000a\000y\000e\000r\000s}{subsection.3.1}% 14
\BOOKMARK [3][-]{subsubsection.3.1.7}{\376\377\000S\000o\000f\000t\000m\000a\000x\000\040\000l\000a\000y\000e\000r\000s}{subsection.3.1}% 15
\BOOKMARK [3][-]{subsubsection.3.1.8}{\376\377\000B\000a\000t\000c\000h\000\040\000n\000o\000r\000m\000a\000l\000i\000z\000a\000t\000i\000o\000n\000\040\000l\000a\000y\000e\000r\000s}{subsection.3.1}% 16
\BOOKMARK [2][-]{subsection.3.2}{\376\377\000P\000i\000x\000e\000l}{section.3}% 17
\BOOKMARK [3][-]{subsubsection.3.2.1}{\376\377\000N\000e\000t\000w\000o\000r\000k}{subsection.3.2}% 18
\BOOKMARK [2][-]{subsection.3.3}{\376\377\000L\000a\000n\000d\000m\000a\000r\000k\000s}{section.3}% 19
\BOOKMARK [3][-]{subsubsection.3.3.1}{\376\377\000N\000e\000t\000w\000o\000r\000k}{subsection.3.3}% 20
\BOOKMARK [2][-]{subsection.3.4}{\376\377\000T\000r\000a\000i\000n\000i\000n\000g\000\040\000a\000n\000d\000\040\000V\000a\000l\000i\000d\000a\000t\000i\000o\000n}{section.3}% 21
\BOOKMARK [3][-]{subsubsection.3.4.1}{\376\377\000T\000u\000n\000i\000n\000g}{subsection.3.4}% 22
\BOOKMARK [1][-]{section.4}{\376\377\000H\000a\000n\000d\000\040\000t\000r\000a\000c\000k\000i\000n\000g}{}% 23
\BOOKMARK [1][-]{section.5}{\376\377\000R\000e\000s\000u\000l\000t\000s}{}% 24
\BOOKMARK [2][-]{subsection.5.1}{\376\377\000C\000N\000N}{section.5}% 25
\BOOKMARK [3][-]{subsubsection.5.1.1}{\376\377\000P\000i\000x\000e\000l}{subsection.5.1}% 26
\BOOKMARK [1][-]{section.6}{\376\377\000I\000s\000s\000u\000e\000s}{}% 27
\BOOKMARK [2][-]{subsection.6.1}{\376\377\000D\000a\000t\000a}{section.6}% 28
\BOOKMARK [2][-]{subsection.6.2}{\376\377\000M\000o\000d\000e\000l}{section.6}% 29
\BOOKMARK [2][-]{subsection.6.3}{\376\377\000T\000r\000a\000i\000n\000i\000n\000g}{section.6}% 30
\BOOKMARK [1][-]{section.7}{\376\377\000C\000o\000n\000c\000l\000u\000s\000i\000o\000n}{}% 31
\BOOKMARK [1][-]{section*.1}{\376\377\000R\000e\000f\000e\000r\000e\000n\000c\000e\000s}{}% 32
